
--- Report Received at 2025-07-14 21:00:33 ---
Vulnerability Report - CWE23_s01
--------------------------------------------------
Analyzer: ./analyzers/MemoryCorruption.py
Level: 9.3
CVSS Vector: CVSS:4.0/AV:L/AC:L/AT:N/PR:L/UI:N/VC:H/VI:H/VA:H/SC:H/SI:H/SA:H
Description: Memory Corruption (Shellcode)
Evidence: Detected 'mprotect' call setting executable permissions (PROT_EXEC)
[CGROUP] Terminating all processes in cgroup due to high risk
==================================================

--- Report Received at 2025-07-14 21:00:33 - CWE23_s01 ---
Vulnerability Report - CWE23_s01
--------------------------------------------------
Analyzer: ./analyzers/MemoryCorruption.py
Level: 9.3
CVSS Vector: CVSS:4.0/AV:L/AC:L/AT:N/PR:L/UI:N/VC:H/VI:H/VA:H/SC:H/SI:H/SA:H
Description: Memory Corruption (Shellcode)
Evidence: Detected 'mprotect' call setting executable permissions (PROT_EXEC)
[CGROUP] Terminating all processes in cgroup due to high risk
==================================================

--- Report Received at 2025-07-14 21:01:11 - CWE23_s01 ---
Vulnerability Report - CWE36_s01
--------------------------------------------------
Analyzer: ./analyzers/MemoryCorruption.py
Level: 9.3
CVSS Vector: CVSS:4.0/AV:L/AC:L/AT:N/PR:L/UI:N/VC:H/VI:H/VA:H/SC:H/SI:H/SA:H
Description: Memory Corruption (Shellcode)
Evidence: Detected 'mprotect' call setting executable permissions (PROT_EXEC)
[CGROUP] Terminating all processes in cgroup due to high risk
==================================================

--- Report Received at 2025-07-14 21:01:11 - CWE36_s01 ---
Vulnerability Report - CWE36_s01
--------------------------------------------------
Analyzer: ./analyzers/MemoryCorruption.py
Level: 9.3
CVSS Vector: CVSS:4.0/AV:L/AC:L/AT:N/PR:L/UI:N/VC:H/VI:H/VA:H/SC:H/SI:H/SA:H
Description: Memory Corruption (Shellcode)
Evidence: Detected 'mprotect' call setting executable permissions (PROT_EXEC)
[CGROUP] Terminating all processes in cgroup due to high risk
==================================================

--- Report Received at 2025-07-14 21:01:36 - CWE36_s01 ---
Vulnerability Report - CWE78_s01
--------------------------------------------------
Analyzer: ./analyzers/MemoryCorruption.py
Level: 9.3
CVSS Vector: CVSS:4.0/AV:L/AC:L/AT:N/PR:L/UI:N/VC:H/VI:H/VA:H/SC:H/SI:H/SA:H
Description: Memory Corruption (Shellcode)
Evidence: Detected 'mprotect' call setting executable permissions (PROT_EXEC)
[CGROUP] Terminating all processes in cgroup due to high risk
==================================================

--- Report Received at 2025-07-14 21:01:36 - CWE78_s01 ---
Vulnerability Report - CWE78_s01
--------------------------------------------------
Analyzer: ./analyzers/MemoryCorruption.py
Level: 9.3
CVSS Vector: CVSS:4.0/AV:L/AC:L/AT:N/PR:L/UI:N/VC:H/VI:H/VA:H/SC:H/SI:H/SA:H
Description: Memory Corruption (Shellcode)
Evidence: Detected 'mprotect' call setting executable permissions (PROT_EXEC)
[CGROUP] Terminating all processes in cgroup due to high risk
==================================================

--- Report Received at 2025-07-14 21:01:37 - CWE78_s01 ---
Vulnerability Report - CWE78_s01
--------------------------------------------------
Analyzer: ./analyzers/CodeInjection.py
Level: 9.3
CVSS Vector: CVSS:4.0/AV:L/AC:L/AT:N/PR:L/UI:N/VC:H/VI:H/VA:H/SC:H/SI:H/SA:H
Description: Potential Command Injection
Evidence: Suspicious shell executed: /bin/sh
[CGROUP] Terminating all processes in cgroup due to high risk
==================================================

--- Report Received at 2025-07-14 21:01:38 - CWE78_s01 ---
Vulnerability Report - CWE78_s01
--------------------------------------------------
Analyzer: ./analyzers/CodeInjection.py
Level: 9.3
CVSS Vector: CVSS:4.0/AV:L/AC:L/AT:N/PR:L/UI:N/VC:H/VI:H/VA:H/SC:H/SI:H/SA:H
Description: Potential Command Injection
Evidence: Suspicious shell executed: /bin/sh
[CGROUP] Terminating all processes in cgroup due to high risk
==================================================

--- Report Received at 2025-07-14 21:01:40 - CWE78_s01 ---
Vulnerability Report - CWE78_s01
--------------------------------------------------
Analyzer: ./analyzers/MemoryCorruption.py
Level: 9.3
CVSS Vector: CVSS:4.0/AV:L/AC:L/AT:N/PR:L/UI:N/VC:H/VI:H/VA:H/SC:H/SI:H/SA:H
Description: Memory Corruption (Weak Signal)
Evidence: Detected abnormally large page allocation via mmap: 32768 pages
==================================================
