
--- Report Received at 2025-07-17 11:08:34 ---
Vulnerability Report - mipsle_shell_met_reverse
--------------------------------------------------
Analyzer: ./analyzers/AccessControl.py
Level: 8
CVSS Vector: Unknown
Description: Sensitive File Access
Evidence: Attempt to access sensitive file: /etc/passwd
==================================================

--- Report Received at 2025-07-17 11:08:37 - mipsle_shell_met_reverse ---
Vulnerability Report - mipsle_shell_met_reverse
--------------------------------------------------
Analyzer: ./analyzers/AccessControl.py
Level: 8
CVSS Vector: Unknown
Description: Sensitive File Access
Evidence: Attempt to access sensitive file: /etc/passwd
==================================================

--- Report Received at 2025-07-17 11:08:38 - mipsle_shell_met_reverse ---
Vulnerability Report - mipsle_shell_met_reverse
--------------------------------------------------
Analyzer: ./analyzers/MemoryCorruption.py
Level: 9.3
CVSS Vector: CVSS:4.0/AV:L/AC:L/AT:N/PR:L/UI:N/VC:H/VI:H/VA:H/SC:H/SI:H/SA:H
Description: Memory Corruption (Weak Signal)
Evidence: Detected abnormally large page allocation via mmap: 524288 pages
==================================================
