
--- Report Received at 2025-07-13 15:15:11 ---
Vulnerability Report - test_code_injection
--------------------------------------------------
Analyzer: ./analyzers/MemoryCorruption.py
Level: 9.3
CVSS Vector: CVSS:4.0/AV:L/AC:L/AT:N/PR:L/UI:N/VC:H/VI:H/VA:H/SC:H/SI:H/SA:H
Description: Memory Corruption (Shellcode)
Evidence: Detected 'mprotect' call setting executable permissions (PROT_EXEC)
[CGROUP] Terminating all processes in cgroup due to high risk
==================================================

--- Report Received at 2025-07-13 15:15:11 - test_code_injection ---
Vulnerability Report - test_code_injection
--------------------------------------------------
Analyzer: ./analyzers/MemoryCorruption.py
Level: 9.3
CVSS Vector: CVSS:4.0/AV:L/AC:L/AT:N/PR:L/UI:N/VC:H/VI:H/VA:H/SC:H/SI:H/SA:H
Description: Memory Corruption (Shellcode)
Evidence: Detected 'mprotect' call setting executable permissions (PROT_EXEC)
[CGROUP] Terminating all processes in cgroup due to high risk
==================================================

--- Report Received at 2025-07-13 15:15:12 - test_code_injection ---
Vulnerability Report - test_code_injection
--------------------------------------------------
Analyzer: ./analyzers/InformationLeakage.py
Level: 7.1
CVSS Vector: CVSS:4.0/AV:N/AC:H/AT:N/PR:N/UI:N/VC:N/VI:N/VA:N/SC:H/SI:N/SA:N
Description: High Risk: File I/O Information Leak
Evidence: Large write (size=34) on this line, following small read (size=0) on line None
==================================================

--- Report Received at 2025-07-13 15:15:12 - test_code_injection ---
Vulnerability Report - test_code_injection
--------------------------------------------------
Analyzer: ./analyzers/CodeInjection.py
Level: 9.3
CVSS Vector: CVSS:4.0/AV:L/AC:L/AT:N/PR:L/UI:N/VC:H/VI:H/VA:H/SC:H/SI:H/SA:H
Description: Potential Command Injection
Evidence: Suspicious shell executed: /bin/bash
[CGROUP] Terminating all processes in cgroup due to high risk
==================================================

--- Report Received at 2025-07-13 15:15:12 - test_code_injection ---
Vulnerability Report - test_code_injection
--------------------------------------------------
Analyzer: ./analyzers/InformationLeakage.py
Level: 7.1
CVSS Vector: CVSS:4.0/AV:N/AC:H/AT:N/PR:N/UI:N/VC:N/VI:N/VA:N/SC:H/SI:N/SA:N
Description: High Risk: File I/O Information Leak
Evidence: Large write (size=51) on this line, following small read (size=0) on line None
==================================================

--- Report Received at 2025-07-13 15:15:12 - test_code_injection ---
Vulnerability Report - test_code_injection
--------------------------------------------------
Analyzer: ./analyzers/MemoryCorruption.py
Level: 9.3
CVSS Vector: CVSS:4.0/AV:L/AC:L/AT:N/PR:L/UI:N/VC:H/VI:H/VA:H/SC:H/SI:H/SA:H
Description: Memory Corruption (Weak Signal)
Evidence: Detected abnormally large page allocation via mmap: 32768 pages
==================================================
