
--- Report Received at 2025-07-14 22:18:24 ---
Vulnerability Report - execution_backdoor_adv
--------------------------------------------------
Analyzer: ./analyzers/MemoryCorruption.py
Level: 9.3
CVSS Vector: CVSS:4.0/AV:L/AC:L/AT:N/PR:L/UI:N/VC:H/VI:H/VA:H/SC:H/SI:H/SA:H
Description: Memory Corruption (Shellcode)
Evidence: Detected 'mprotect' call setting executable permissions (PROT_EXEC)
[CGROUP] Terminating all processes in cgroup due to high risk
==================================================

--- Report Received at 2025-07-14 22:18:24 - execution_backdoor_adv ---
Vulnerability Report - execution_backdoor_adv
--------------------------------------------------
Analyzer: ./analyzers/MemoryCorruption.py
Level: 9.3
CVSS Vector: CVSS:4.0/AV:L/AC:L/AT:N/PR:L/UI:N/VC:H/VI:H/VA:H/SC:H/SI:H/SA:H
Description: Memory Corruption (Shellcode)
Evidence: Detected 'mprotect' call setting executable permissions (PROT_EXEC)
[CGROUP] Terminating all processes in cgroup due to high risk
==================================================

--- Report Received at 2025-07-14 22:18:28 - execution_backdoor_adv ---
Vulnerability Report - execution_backdoor_adv
--------------------------------------------------
Analyzer: ./analyzers/MemoryCorruption.py
Level: 9.3
CVSS Vector: CVSS:4.0/AV:L/AC:L/AT:N/PR:L/UI:N/VC:H/VI:H/VA:H/SC:H/SI:H/SA:H
Description: Memory Corruption (Weak Signal)
Evidence: Detected abnormally large page allocation via mmap: 32768 pages
==================================================

--- Report Received at 2025-07-14 22:18:28 - execution_backdoor_adv ---
Vulnerability Report - execution_backdoor_adv
--------------------------------------------------
Analyzer: ./analyzers/CodeInjection.py
Level: 9.3
CVSS Vector: CVSS:4.0/AV:L/AC:L/AT:N/PR:L/UI:N/VC:H/VI:H/VA:H/SC:H/SI:H/SA:H
Description: Potential Command Injection
Evidence: Suspicious shell executed: /bin/bash
[CGROUP] Terminating all processes in cgroup due to high risk
==================================================

--- Report Received at 2025-07-14 22:18:33 - execution_backdoor_adv ---
Vulnerability Report - execution_backdoor_adv
--------------------------------------------------
Analyzer: ./analyzers/FilelessExecution.py
Level: 9.3
CVSS Vector: CVSS:4.0/AV:L/AC:L/AT:N/PR:L/UI:N/VC:H/VI:H/VA:H/SC:H/SI:H/SA:H
Description: Potential Fileless Execution Detected
Evidence: Process executed a file from a memory file descriptor: /proc/self/fd/3
[CGROUP] Terminating all processes in cgroup due to high risk
==================================================

--- Report Received at 2025-07-14 22:18:44 - execution_backdoor_adv ---
Vulnerability Report - memory_resource_adv
--------------------------------------------------
Analyzer: ./analyzers/MemoryCorruption.py
Level: 9.3
CVSS Vector: CVSS:4.0/AV:L/AC:L/AT:N/PR:L/UI:N/VC:H/VI:H/VA:H/SC:H/SI:H/SA:H
Description: Memory Corruption (Shellcode)
Evidence: Detected 'mprotect' call setting executable permissions (PROT_EXEC)
[CGROUP] Terminating all processes in cgroup due to high risk
==================================================

--- Report Received at 2025-07-14 22:18:44 - memory_resource_adv ---
Vulnerability Report - memory_resource_adv
--------------------------------------------------
Analyzer: ./analyzers/MemoryCorruption.py
Level: 9.3
CVSS Vector: CVSS:4.0/AV:L/AC:L/AT:N/PR:L/UI:N/VC:H/VI:H/VA:H/SC:H/SI:H/SA:H
Description: Memory Corruption (Shellcode)
Evidence: Detected 'mprotect' call setting executable permissions (PROT_EXEC)
[CGROUP] Terminating all processes in cgroup due to high risk
==================================================

--- Report Received at 2025-07-14 22:18:51 - memory_resource_adv ---
Vulnerability Report - memory_resource_adv
--------------------------------------------------
Analyzer: ./analyzers/MemoryCorruption.py
Level: 9.3
CVSS Vector: CVSS:4.0/AV:L/AC:L/AT:N/PR:L/UI:N/VC:H/VI:H/VA:H/SC:H/SI:H/SA:H
Description: Memory Corruption (Weak Signal)
Evidence: Detected abnormally large page allocation via mmap: 32768 pages
==================================================

--- Report Received at 2025-07-14 22:19:00 - memory_resource_adv ---
Vulnerability Report - recon_privesc_adv
--------------------------------------------------
Analyzer: ./analyzers/MemoryCorruption.py
Level: 9.3
CVSS Vector: CVSS:4.0/AV:L/AC:L/AT:N/PR:L/UI:N/VC:H/VI:H/VA:H/SC:H/SI:H/SA:H
Description: Memory Corruption (Shellcode)
Evidence: Detected 'mprotect' call setting executable permissions (PROT_EXEC)
[CGROUP] Terminating all processes in cgroup due to high risk
==================================================

--- Report Received at 2025-07-14 22:19:00 - recon_privesc_adv ---
Vulnerability Report - recon_privesc_adv
--------------------------------------------------
Analyzer: ./analyzers/MemoryCorruption.py
Level: 9.3
CVSS Vector: CVSS:4.0/AV:L/AC:L/AT:N/PR:L/UI:N/VC:H/VI:H/VA:H/SC:H/SI:H/SA:H
Description: Memory Corruption (Shellcode)
Evidence: Detected 'mprotect' call setting executable permissions (PROT_EXEC)
[CGROUP] Terminating all processes in cgroup due to high risk
==================================================

--- Report Received at 2025-07-14 22:19:07 - recon_privesc_adv ---
Vulnerability Report - recon_privesc_adv
--------------------------------------------------
Analyzer: ./analyzers/AccessControl.py
Level: 7.7
CVSS Vector: CVSS:4.0/AV:L/AC:L/AT:N/PR:L/UI:N/VC:N/VI:N/VA:N/SC:H/SI:N/SA:N
Description: Potential Path Traversal
Evidence: Path contains '../' sequence
==================================================

--- Report Received at 2025-07-14 22:19:07 - recon_privesc_adv ---
Vulnerability Report - recon_privesc_adv
--------------------------------------------------
Analyzer: ./analyzers/AccessControl.py
Level: 7.7
CVSS Vector: CVSS:4.0/AV:L/AC:L/AT:N/PR:L/UI:N/VC:N/VI:N/VA:N/SC:H/SI:N/SA:N
Description: Access to Sensitive File
Evidence: Attempt to access sensitive file: /etc/shadow
==================================================

--- Report Received at 2025-07-14 22:19:08 - recon_privesc_adv ---
Vulnerability Report - recon_privesc_adv
--------------------------------------------------
Analyzer: ./analyzers/AccessControl.py
Level: 7.7
CVSS Vector: CVSS:4.0/AV:L/AC:L/AT:N/PR:L/UI:N/VC:N/VI:N/VA:N/SC:H/SI:N/SA:N
Description: Access to Sensitive File
Evidence: Attempt to access sensitive file: /etc/passwd
==================================================

--- Report Received at 2025-07-14 22:19:08 - recon_privesc_adv ---
Vulnerability Report - recon_privesc_adv
--------------------------------------------------
Analyzer: ./analyzers/AccessControl.py
Level: 6.3
CVSS Vector: CVSS:4.0/AV:L/AC:L/AT:N/PR:L/UI:N/VC:N/VI:N/VA:N/SC:H/SI:H/SA:H
Description: Potential Privilege Escalation
Evidence: 'SETUID' call attempts to set uid to 0 (root)
==================================================

--- Report Received at 2025-07-14 22:19:12 - recon_privesc_adv ---
Vulnerability Report - recon_privesc_adv
--------------------------------------------------
Analyzer: ./analyzers/MemoryCorruption.py
Level: 9.3
CVSS Vector: CVSS:4.0/AV:L/AC:L/AT:N/PR:L/UI:N/VC:H/VI:H/VA:H/SC:H/SI:H/SA:H
Description: Memory Corruption (Weak Signal)
Evidence: Detected abnormally large page allocation via mmap: 32768 pages
==================================================

--- Session ended at 2025-07-14 22:23:04.686201 ---
Total reports processed for last executable: 15
