
--- Report Received at 2025-07-14 21:32:51 ---
Vulnerability Report - CWE23_s01
--------------------------------------------------
Analyzer: ./analyzers/MemoryCorruption.py
Level: 9.3
CVSS Vector: CVSS:4.0/AV:L/AC:L/AT:N/PR:L/UI:N/VC:H/VI:H/VA:H/SC:H/SI:H/SA:H
Description: Memory Corruption (Shellcode)
Evidence: Detected 'mprotect' call setting executable permissions (PROT_EXEC)
[CGROUP] Terminating all processes in cgroup due to high risk
==================================================

--- Report Received at 2025-07-14 21:32:51 - CWE23_s01 ---
Vulnerability Report - CWE23_s01
--------------------------------------------------
Analyzer: ./analyzers/MemoryCorruption.py
Level: 9.3
CVSS Vector: CVSS:4.0/AV:L/AC:L/AT:N/PR:L/UI:N/VC:H/VI:H/VA:H/SC:H/SI:H/SA:H
Description: Memory Corruption (Shellcode)
Evidence: Detected 'mprotect' call setting executable permissions (PROT_EXEC)
[CGROUP] Terminating all processes in cgroup due to high risk
==================================================
